<?xml version="1.0" encoding="UTF-8"?>
<!-- Generated by org.testng.reporters.JUnitReportReporter -->
<testsuite hostname="DESKTOP-MRVJBNT" failures="0" tests="6" name="com.menumitratCommonAPITestScript.ResendOTPTestScript" time="2.043" errors="0" timestamp="27 May 2025 15:59:39 GMT">
  <testcase classname="com.menumitratCommonAPITestScript.ResendOTPTestScript" name="resendOTPusingInvalidData" time="0.310"/>
  <testcase classname="com.menumitratCommonAPITestScript.ResendOTPTestScript" name="resendOTPusingInvalidData" time="0.422"/>
  <testcase classname="com.menumitratCommonAPITestScript.ResendOTPTestScript" name="resendOTPusingInvalidData" time="0.301"/>
  <testcase classname="com.menumitratCommonAPITestScript.ResendOTPTestScript" name="resendOTPusingInvalidData" time="0.292"/>
  <testcase classname="com.menumitratCommonAPITestScript.ResendOTPTestScript" name="verifyRessendOTPUSingPositiveInputData" time="0.265"/>
  <testcase classname="com.menumitratCommonAPITestScript.ResendOTPTestScript" name="resendOTPusingInvalidData" time="0.453"/>
</testsuite> <!-- com.menumitratCommonAPITestScript.ResendOTPTestScript -->
