<?xml version="1.0" encoding="UTF-8"?>
<!-- Generated by org.testng.reporters.JUnitReportReporter -->
<testsuite hostname="DESKTOP-MRVJBNT" failures="0" tests="1" name="com.menumitratCommonAPITestScript.verifyOTPTestScript" time="0.064" errors="0" timestamp="26 Jun 2025 09:55:29 GMT">
  <testcase classname="com.menumitratCommonAPITestScript.verifyOTPTestScript" name="verifyOTPAPiUsingValidInputData" time="0.064"/>
</testsuite> <!-- com.menumitratCommonAPITestScript.verifyOTPTestScript -->
