<?xml version="1.0" encoding="UTF-8"?>
<!-- Generated by org.testng.reporters.JUnitReportReporter -->
<testsuite hostname="DESKTOP-MRVJBNT" failures="0" tests="2" name="com.menumitratCommonAPITestScript.ActivityLogTestScript" time="0.727" errors="0" timestamp="27 May 2025 15:59:39 GMT">
  <testcase classname="com.menumitratCommonAPITestScript.ActivityLogTestScript" name="activityLogTest" time="0.341"/>
  <testcase classname="com.menumitratCommonAPITestScript.ActivityLogTestScript" name="activityLogNegativeTest" time="0.386"/>
</testsuite> <!-- com.menumitratCommonAPITestScript.ActivityLogTestScript -->
