<?xml version="1.0" encoding="UTF-8"?>
<!-- Generated by org.testng.reporters.JUnitReportReporter -->
<testsuite hostname="DESKTOP-MRVJBNT" failures="0" tests="1" name="com.menumitratCommonAPITestScript.GetInorOutList" time="0.338" errors="0" timestamp="27 May 2025 15:59:39 GMT">
  <testcase classname="com.menumitratCommonAPITestScript.GetInorOutList" name="testInOrOutList" time="0.338"/>
</testsuite> <!-- com.menumitratCommonAPITestScript.GetInorOutList -->
