<?xml version="1.0" encoding="UTF-8"?>
<!-- Generated by org.testng.reporters.JUnitReportReporter -->
<testsuite hostname="DESKTOP-MRVJBNT" failures="0" tests="2" name="com.menumitratCommonAPITestScript.GetOutletListTestScript" time="1.461" errors="0" timestamp="27 May 2025 15:59:39 GMT">
  <testcase classname="com.menumitratCommonAPITestScript.GetOutletListTestScript" name="getOutletListTest" time="0.718"/>
  <testcase classname="com.menumitratCommonAPITestScript.GetOutletListTestScript" name="getOutletListNegativeTest" time="0.743"/>
</testsuite> <!-- com.menumitratCommonAPITestScript.GetOutletListTestScript -->
