<?xml version="1.0" encoding="UTF-8"?>
<!-- Generated by org.testng.reporters.JUnitReportReporter -->
<testsuite hostname="DESKTOP-MRVJBNT" failures="0" tests="2" name="com.menumitratCommonAPITestScript.OrderListViewCdskdsTestScript" time="1.844" errors="0" timestamp="27 May 2025 15:59:40 GMT">
  <testcase classname="com.menumitratCommonAPITestScript.OrderListViewCdskdsTestScript" name="orderListViewCdskdsTest" time="1.467"/>
  <testcase classname="com.menumitratCommonAPITestScript.OrderListViewCdskdsTestScript" name="orderListViewCdskdsNegativeTest" time="0.377"/>
</testsuite> <!-- com.menumitratCommonAPITestScript.OrderListViewCdskdsTestScript -->
