<?xml version="1.0" encoding="UTF-8"?>
<!-- Generated by org.testng.reporters.JUnitReportReporter -->
<testsuite hostname="DESKTOP-MRVJBNT" failures="0" tests="2" name="com.menumitratCommonAPITestScript.SelectTemplateTestScript" time="0.723" errors="0" timestamp="27 May 2025 15:59:40 GMT">
  <testcase classname="com.menumitratCommonAPITestScript.SelectTemplateTestScript" name="selectTemplateNegativeTest" time="0.332"/>
  <testcase classname="com.menumitratCommonAPITestScript.SelectTemplateTestScript" name="selectTemplateUsingValidInputData" time="0.391"/>
</testsuite> <!-- com.menumitratCommonAPITestScript.SelectTemplateTestScript -->
