<?xml version="1.0" encoding="UTF-8"?>
<!-- Generated by org.testng.reporters.JUnitReportReporter -->
<testsuite hostname="DESKTOP-MRVJBNT" failures="0" tests="1" name="com.menumitratCommonAPITestScript.GetStaffRole" time="0.087" errors="0" timestamp="26 Jun 2025 09:55:29 GMT">
  <testcase classname="com.menumitratCommonAPITestScript.GetStaffRole" name="verifyStaffRole" time="0.087"/>
</testsuite> <!-- com.menumitratCommonAPITestScript.GetStaffRole -->
