<?xml version="1.0" encoding="UTF-8"?>
<!-- Generated by org.testng.reporters.JUnitReportReporter -->
<testsuite hostname="DESKTOP-MRVJBNT" failures="0" tests="2" name="com.menumitratCommonAPITestScript.ViewTemplatesTestScript" time="0.607" errors="0" timestamp="27 May 2025 15:59:39 GMT">
  <testcase classname="com.menumitratCommonAPITestScript.ViewTemplatesTestScript" name="viewTemplatesNegativeTest" time="0.327"/>
  <testcase classname="com.menumitratCommonAPITestScript.ViewTemplatesTestScript" name="viewTemplatesTest" time="0.280"/>
</testsuite> <!-- com.menumitratCommonAPITestScript.ViewTemplatesTestScript -->
