<?xml version="1.0" encoding="UTF-8"?>
<!-- Generated by org.testng.reporters.JUnitReportReporter -->
<testsuite hostname="DESKTOP-MRVJBNT" failures="0" tests="1" name="com.menumitratCommonAPITestScript.OutletMultiplesTestScripts" time="1.226" errors="0" timestamp="3 Jul 2025 13:51:04 GMT">
  <testcase classname="com.menumitratCommonAPITestScript.OutletMultiplesTestScripts" name="createFiveHundredOutletsTest" time="1.226"/>
</testsuite> <!-- com.menumitratCommonAPITestScript.OutletMultiplesTestScripts -->
