<?xml version="1.0" encoding="UTF-8"?>
<!-- Generated by org.testng.reporters.JUnitReportReporter -->
<testsuite hostname="DESKTOP-MRVJBNT" failures="0" tests="3" name="com.menumitratCommonAPITestScript.CheckTableIsReservedTestScript" time="0.749" errors="0" timestamp="27 May 2025 15:59:40 GMT">
  <testcase classname="com.menumitratCommonAPITestScript.CheckTableIsReservedTestScript" name="checkTableIsReservedNegativeTest" time="0.224"/>
  <testcase classname="com.menumitratCommonAPITestScript.CheckTableIsReservedTestScript" name="checkTableIsReservedNegativeTest" time="0.227"/>
  <testcase classname="com.menumitratCommonAPITestScript.CheckTableIsReservedTestScript" name="checkIfTableIsReserved" time="0.298"/>
</testsuite> <!-- com.menumitratCommonAPITestScript.CheckTableIsReservedTestScript -->
