<?xml version="1.0" encoding="UTF-8"?>
<!-- Generated by org.testng.reporters.JUnitReportReporter -->
<testsuite hostname="DESKTOP-MRVJBNT" failures="0" tests="2" name="com.menumitratCommonAPITestScript.TotalTicketsTestScript" time="0.757" errors="0" timestamp="27 May 2025 15:59:40 GMT">
  <testcase classname="com.menumitratCommonAPITestScript.TotalTicketsTestScript" name="totalTicketsNegativeTest" time="0.487"/>
  <testcase classname="com.menumitratCommonAPITestScript.TotalTicketsTestScript" name="totalTicketsTest" time="0.270"/>
</testsuite> <!-- com.menumitratCommonAPITestScript.TotalTicketsTestScript -->
