<?xml version="1.0" encoding="UTF-8"?>
<!-- Generated by org.testng.reporters.JUnitReportReporter -->
<testsuite hostname="DESKTOP-MRVJBNT" failures="0" tests="1" name="com.menumitratCommonAPITestScript.TableListTestScript" time="0.002" errors="0" timestamp="1 Jul 2025 10:13:38 GMT">
  <testcase classname="com.menumitratCommonAPITestScript.TableListTestScript" name="verifyTableListView" time="0.002"/>
</testsuite> <!-- com.menumitratCommonAPITestScript.TableListTestScript -->
