<?xml version="1.0" encoding="UTF-8"?>
<!-- Generated by org.testng.reporters.JUnitReportReporter -->
<testsuite hostname="DESKTOP-MRVJBNT" failures="0" tests="2" name="com.menumitratCommonAPITestScript.DefaultSettingTestScript" time="2.372" errors="0" timestamp="27 May 2025 15:59:40 GMT">
  <testcase classname="com.menumitratCommonAPITestScript.DefaultSettingTestScript" name="defaultSetting" time="2.004"/>
  <testcase classname="com.menumitratCommonAPITestScript.DefaultSettingTestScript" name="defaultSettingsNegativeTest" time="0.368"/>
</testsuite> <!-- com.menumitratCommonAPITestScript.DefaultSettingTestScript -->
