<?xml version="1.0" encoding="UTF-8"?>
<!-- Generated by org.testng.reporters.JUnitReportReporter -->
<testsuite hostname="DESKTOP-MRVJBNT" failures="0" tests="3" name="com.menumitratCommonAPITestScript.OrderViewTestScript" time="1.151" errors="0" timestamp="27 May 2025 15:59:40 GMT">
  <testcase classname="com.menumitratCommonAPITestScript.OrderViewTestScript" name="orderViewNegativeTest" time="0.346"/>
  <testcase classname="com.menumitratCommonAPITestScript.OrderViewTestScript" name="orderViewTest" time="0.470"/>
  <testcase classname="com.menumitratCommonAPITestScript.OrderViewTestScript" name="orderViewNegativeTest" time="0.335"/>
</testsuite> <!-- com.menumitratCommonAPITestScript.OrderViewTestScript -->
