<?xml version="1.0" encoding="UTF-8"?>
<!-- Generated by org.testng.reporters.JUnitReportReporter -->
<testsuite hostname="DESKTOP-MRVJBNT" failures="0" tests="2" name="com.menumitratCommonAPITestScript.ChefDeleteTestScript" time="0.798" errors="0" timestamp="27 May 2025 15:59:40 GMT">
  <testcase classname="com.menumitratCommonAPITestScript.ChefDeleteTestScript" name="deleteChef" time="0.362"/>
  <testcase classname="com.menumitratCommonAPITestScript.ChefDeleteTestScript" name="chefDeleteNegativeTest" time="0.436"/>
</testsuite> <!-- com.menumitratCommonAPITestScript.ChefDeleteTestScript -->
