<?xml version="1.0" encoding="UTF-8"?>
<!-- Generated by org.testng.reporters.JUnitReportReporter -->
<testsuite hostname="DESKTOP-MRVJBNT" failures="0" tests="2" name="com.menumitratCommonAPITestScript.DeleteTemplatesTestScript" time="0.569" errors="0" timestamp="27 May 2025 15:59:40 GMT">
  <testcase classname="com.menumitratCommonAPITestScript.DeleteTemplatesTestScript" name="deleteTemplatesTest" time="0.282"/>
  <testcase classname="com.menumitratCommonAPITestScript.DeleteTemplatesTestScript" name="deleteTemplatesNegativeTest" time="0.287"/>
</testsuite> <!-- com.menumitratCommonAPITestScript.DeleteTemplatesTestScript -->
