<?xml version="1.0" encoding="UTF-8"?>
<!-- Generated by org.testng.reporters.JUnitReportReporter -->
<testsuite hostname="DESKTOP-MRVJBNT" failures="0" tests="2" name="com.menumitratCommonAPITestScript.GetSupplierListTestScript" time="0.552" errors="0" timestamp="27 May 2025 15:59:39 GMT">
  <testcase classname="com.menumitratCommonAPITestScript.GetSupplierListTestScript" name="getSupplierListNegativeTest" time="0.285"/>
  <testcase classname="com.menumitratCommonAPITestScript.GetSupplierListTestScript" name="getSupplierList" time="0.267"/>
</testsuite> <!-- com.menumitratCommonAPITestScript.GetSupplierListTestScript -->
