<?xml version="1.0" encoding="UTF-8"?>
<!-- Generated by org.testng.reporters.JUnitReportReporter -->
<testsuite hostname="DESKTOP-MRVJBNT" failures="0" tests="3" name="com.menumitratCommonAPITestScript.SelectOutletTestScript" time="2.072" errors="0" timestamp="27 May 2025 15:59:40 GMT">
  <testcase classname="com.menumitratCommonAPITestScript.SelectOutletTestScript" name="selectOutletNegativeTest" time="1.463"/>
  <testcase classname="com.menumitratCommonAPITestScript.SelectOutletTestScript" name="selectOutletTest" time="0.264"/>
  <testcase classname="com.menumitratCommonAPITestScript.SelectOutletTestScript" name="selectOutletNegativeTest" time="0.345"/>
</testsuite> <!-- com.menumitratCommonAPITestScript.SelectOutletTestScript -->
