<?xml version="1.0" encoding="UTF-8"?>
<!-- Generated by org.testng.reporters.JUnitReportReporter -->
<testsuite hostname="DESKTOP-MRVJBNT" failures="0" tests="1" name="com.menumitratCommonAPITestScript.ListViewBookingTestScript" time="0.241" errors="0" timestamp="26 Jun 2025 09:30:13 GMT">
  <testcase classname="com.menumitratCommonAPITestScript.ListViewBookingTestScript" name="bookingListViewTest" time="0.241"/>
</testsuite> <!-- com.menumitratCommonAPITestScript.ListViewBookingTestScript -->
