<?xml version="1.0" encoding="UTF-8"?>
<!-- Generated by org.testng.reporters.JUnitReportReporter -->
<testsuite hostname="DESKTOP-MRVJBNT" failures="0" tests="1" name="com.menumitratCommonAPITestScript.SupplierCreditRatingChoicesTestScript" time="0.347" errors="0" timestamp="27 May 2025 15:59:40 GMT">
  <testcase classname="com.menumitratCommonAPITestScript.SupplierCreditRatingChoicesTestScript" name="testSupplierCreditRatingChoices" time="0.347"/>
</testsuite> <!-- com.menumitratCommonAPITestScript.SupplierCreditRatingChoicesTestScript -->
