<?xml version="1.0" encoding="UTF-8"?>
<!-- Generated by org.testng.reporters.JUnitReportReporter -->
<testsuite hostname="DESKTOP-MRVJBNT" failures="0" tests="1" name="com.menumitratCommonAPITestScript.MultipleMenuCategoryCreateTestScript" time="1.957" errors="0" timestamp="4 Jul 2025 07:18:33 GMT">
  <testcase classname="com.menumitratCommonAPITestScript.MultipleMenuCategoryCreateTestScript" name="createMultipleMenuCategoriesTest" time="1.957"/>
</testsuite> <!-- com.menumitratCommonAPITestScript.MultipleMenuCategoryCreateTestScript -->
