<?xml version="1.0" encoding="UTF-8"?>
<!-- Generated by org.testng.reporters.JUnitReportReporter -->
<testsuite hostname="DESKTOP-MRVJBNT" failures="0" tests="1" name="com.menumitratCommonAPITestScript.OutletTypeTestScript" time="0.346" errors="0" timestamp="27 May 2025 15:59:39 GMT">
  <testcase classname="com.menumitratCommonAPITestScript.OutletTypeTestScript" name="verifyOutletType" time="0.346"/>
</testsuite> <!-- com.menumitratCommonAPITestScript.OutletTypeTestScript -->
