<?xml version="1.0" encoding="UTF-8"?>
<!-- Generated by org.testng.reporters.JUnitReportReporter -->
<testsuite hostname="DESKTOP-MRVJBNT" failures="0" tests="3" name="com.menumitratCommonAPITestScript.orderListViewSetUp" time="9.375" errors="0" timestamp="27 May 2025 15:59:40 GMT">
  <testcase classname="com.menumitratCommonAPITestScript.orderListViewSetUp" name="orderListViewNegativeTest" time="0.488"/>
  <testcase classname="com.menumitratCommonAPITestScript.orderListViewSetUp" name="orderListViewNegativeTest" time="0.393"/>
  <testcase classname="com.menumitratCommonAPITestScript.orderListViewSetUp" name="orderListViewTest" time="8.494"/>
</testsuite> <!-- com.menumitratCommonAPITestScript.orderListViewSetUp -->
