<?xml version="1.0" encoding="UTF-8"?>
<!-- Generated by org.testng.reporters.JUnitReportReporter -->
<testsuite hostname="DESKTOP-MRVJBNT" failures="0" tests="1" name="com.menumitratCommonAPITestScript.GetTemplates" time="0.228" errors="0" timestamp="27 May 2025 15:59:40 GMT">
  <testcase classname="com.menumitratCommonAPITestScript.GetTemplates" name="verifyTemplates" time="0.228"/>
</testsuite> <!-- com.menumitratCommonAPITestScript.GetTemplates -->
