<?xml version="1.0" encoding="UTF-8"?>
<!-- Generated by org.testng.reporters.JUnitReportReporter -->
<testsuite hostname="DESKTOP-MRVJBNT" failures="0" tests="2" name="com.menumitratCommonAPITestScript.GetMenuList" time="1.854" errors="0" timestamp="27 May 2025 15:59:39 GMT">
  <testcase classname="com.menumitratCommonAPITestScript.GetMenuList" name="verifyMenuList" time="1.360"/>
  <testcase classname="com.menumitratCommonAPITestScript.GetMenuList" name="getMenuListNegativeTest" time="0.494"/>
</testsuite> <!-- com.menumitratCommonAPITestScript.GetMenuList -->
