<?xml version="1.0" encoding="UTF-8"?>
<!-- Generated by org.testng.reporters.JUnitReportReporter -->
<testsuite hostname="DESKTOP-MRVJBNT" failures="0" tests="1" name="com.menumitratCommonAPITestScript.CreateBookingTestScript" time="0.240" errors="0" timestamp="26 Jun 2025 09:30:13 GMT">
  <testcase classname="com.menumitratCommonAPITestScript.CreateBookingTestScript" name="bookingCreateTest" time="0.240"/>
</testsuite> <!-- com.menumitratCommonAPITestScript.CreateBookingTestScript -->
