<?xml version="1.0" encoding="UTF-8"?>
<!-- Generated by org.testng.reporters.JUnitReportReporter -->
<testsuite hostname="DESKTOP-MRVJBNT" failures="0" tests="6" name="com.menumitratCommonAPITestScript.StaffCreateTestScript" time="1.483" errors="0" timestamp="27 May 2025 15:59:39 GMT">
  <testcase classname="com.menumitratCommonAPITestScript.StaffCreateTestScript" name="verifyStaffCreateNegativeCases" time="0.256"/>
  <testcase classname="com.menumitratCommonAPITestScript.StaffCreateTestScript" name="verifyStaffCreateNegativeCases" time="0.252"/>
  <testcase classname="com.menumitratCommonAPITestScript.StaffCreateTestScript" name="verifyStaffCreateNegativeCases" time="0.244"/>
  <testcase classname="com.menumitratCommonAPITestScript.StaffCreateTestScript" name="createStaff" time="0.240"/>
  <testcase classname="com.menumitratCommonAPITestScript.StaffCreateTestScript" name="verifyStaffCreateNegativeCases" time="0.232"/>
  <testcase classname="com.menumitratCommonAPITestScript.StaffCreateTestScript" name="verifyStaffCreateNegativeCases" time="0.259"/>
</testsuite> <!-- com.menumitratCommonAPITestScript.StaffCreateTestScript -->
