<?xml version="1.0" encoding="UTF-8"?>
<!-- Generated by org.testng.reporters.JUnitReportReporter -->
<testsuite hostname="DESKTOP-MRVJBNT" failures="0" tests="1" name="com.menumitratCommonAPITestScript.GetInventoryCategoryList" time="0.530" errors="0" timestamp="27 May 2025 15:59:39 GMT">
  <testcase classname="com.menumitratCommonAPITestScript.GetInventoryCategoryList" name="getInventoryCategoryList" time="0.530"/>
</testsuite> <!-- com.menumitratCommonAPITestScript.GetInventoryCategoryList -->
