<?xml version="1.0" encoding="UTF-8"?>
<!-- Generated by org.testng.reporters.JUnitReportReporter -->
<testsuite hostname="DESKTOP-MRVJBNT" failures="0" tests="7" name="com.menumitratCommonAPITestScript.ViewOutletTestScript" time="2.346" errors="0" timestamp="27 May 2025 15:59:40 GMT">
  <testcase classname="com.menumitratCommonAPITestScript.ViewOutletTestScript" name="viewOutletNegativeTest" time="0.267"/>
  <testcase classname="com.menumitratCommonAPITestScript.ViewOutletTestScript" name="viewOutletNegativeTest" time="0.271"/>
  <testcase classname="com.menumitratCommonAPITestScript.ViewOutletTestScript" name="viewOutletNegativeTest" time="0.311"/>
  <testcase classname="com.menumitratCommonAPITestScript.ViewOutletTestScript" name="viewOutletNegativeTest" time="0.348"/>
  <testcase classname="com.menumitratCommonAPITestScript.ViewOutletTestScript" name="viewOutletNegativeTest" time="0.297"/>
  <testcase classname="com.menumitratCommonAPITestScript.ViewOutletTestScript" name="viewOutletNegativeTest" time="0.531"/>
  <testcase classname="com.menumitratCommonAPITestScript.ViewOutletTestScript" name="verifyViewOutlet" time="0.321"/>
</testsuite> <!-- com.menumitratCommonAPITestScript.ViewOutletTestScript -->
