<?xml version="1.0" encoding="UTF-8"?>
<!-- Generated by org.testng.reporters.JUnitReportReporter -->
<testsuite hostname="DESKTOP-MRVJBNT" failures="0" tests="6" name="com.menumitratCommonAPITestScript.ResendOTPTestScript" time="0.281" errors="0" timestamp="1 Jul 2025 10:13:38 GMT">
  <testcase classname="com.menumitratCommonAPITestScript.ResendOTPTestScript" name="resendOTPusingInvalidData" time="0.043"/>
  <testcase classname="com.menumitratCommonAPITestScript.ResendOTPTestScript" name="verifyRessendOTPUSingPositiveInputData" time="0.059"/>
  <testcase classname="com.menumitratCommonAPITestScript.ResendOTPTestScript" name="resendOTPusingInvalidData" time="0.062"/>
  <testcase classname="com.menumitratCommonAPITestScript.ResendOTPTestScript" name="resendOTPusingInvalidData" time="0.039"/>
  <testcase classname="com.menumitratCommonAPITestScript.ResendOTPTestScript" name="resendOTPusingInvalidData" time="0.039"/>
  <testcase classname="com.menumitratCommonAPITestScript.ResendOTPTestScript" name="resendOTPusingInvalidData" time="0.039"/>
</testsuite> <!-- com.menumitratCommonAPITestScript.ResendOTPTestScript -->
