<?xml version="1.0" encoding="UTF-8"?>
<!-- Generated by org.testng.reporters.JUnitReportReporter -->
<testsuite hostname="DESKTOP-MRVJBNT" failures="0" tests="2" name="com.menumitratCommonAPITestScript.TicketListViewTestScript" time="2.604" errors="0" timestamp="27 May 2025 15:59:40 GMT">
  <testcase classname="com.menumitratCommonAPITestScript.TicketListViewTestScript" name="ticketListViewTest" time="1.948"/>
  <testcase classname="com.menumitratCommonAPITestScript.TicketListViewTestScript" name="ticketListViewNegativeTest" time="0.656"/>
</testsuite> <!-- com.menumitratCommonAPITestScript.TicketListViewTestScript -->
