<?xml version="1.0" encoding="UTF-8"?>
<!-- Generated by org.testng.reporters.JUnitReportReporter -->
<testsuite hostname="DESKTOP-MRVJBNT" failures="0" tests="5" name="com.menumitratCommonAPITestScript.verifyOTPTestScript" time="1.635" errors="0" timestamp="27 May 2025 15:59:39 GMT">
  <testcase classname="com.menumitratCommonAPITestScript.verifyOTPTestScript" name="verifyOTPusingInvalidData" time="0.288"/>
  <testcase classname="com.menumitratCommonAPITestScript.verifyOTPTestScript" name="verifyOTPusingInvalidData" time="0.460"/>
  <testcase classname="com.menumitratCommonAPITestScript.verifyOTPTestScript" name="verifyOTPAPiUsingValidInputData" time="0.282"/>
  <testcase classname="com.menumitratCommonAPITestScript.verifyOTPTestScript" name="verifyOTPusingInvalidData" time="0.293"/>
  <testcase classname="com.menumitratCommonAPITestScript.verifyOTPTestScript" name="verifyOTPusingInvalidData" time="0.312"/>
</testsuite> <!-- com.menumitratCommonAPITestScript.verifyOTPTestScript -->
