<?xml version="1.0" encoding="UTF-8"?>
<!-- Generated by org.testng.reporters.JUnitReportReporter -->
<testsuite hostname="DESKTOP-MRVJBNT" failures="0" tests="1" name="com.menumitratCommonAPITestScript.OutletMultipleTestScript" time="4.520" errors="0" timestamp="4 Jul 2025 07:48:48 GMT">
  <testcase classname="com.menumitratCommonAPITestScript.OutletMultipleTestScript" name="createMultipleOutletsTest" time="4.520"/>
</testsuite> <!-- com.menumitratCommonAPITestScript.OutletMultipleTestScript -->
