<?xml version="1.0" encoding="UTF-8"?>
<!-- Generated by org.testng.reporters.JUnitReportReporter -->
<testsuite hostname="DESKTOP-MRVJBNT" failures="0" tests="1" name="com.menumitratCommonAPITestScript.SendQRLinkTestScript" time="0.046" errors="0" timestamp="26 Jun 2025 09:55:29 GMT">
  <testcase classname="com.menumitratCommonAPITestScript.SendQRLinkTestScript" name="sendQRLinkTest" time="0.046"/>
</testsuite> <!-- com.menumitratCommonAPITestScript.SendQRLinkTestScript -->
