<?xml version="1.0" encoding="UTF-8"?>
<!-- Generated by org.testng.reporters.JUnitReportReporter -->
<testsuite hostname="DESKTOP-MRVJBNT" failures="0" tests="3" name="com.menumitratCommonAPITestScript.SendQRLinkTestScript" time="1.147" errors="0" timestamp="27 May 2025 15:59:39 GMT">
  <testcase classname="com.menumitratCommonAPITestScript.SendQRLinkTestScript" name="sendQRLinkNegativeTest" time="0.259"/>
  <testcase classname="com.menumitratCommonAPITestScript.SendQRLinkTestScript" name="sendQRLinkNegativeTest" time="0.623"/>
  <testcase classname="com.menumitratCommonAPITestScript.SendQRLinkTestScript" name="sendQRLinkTest" time="0.265"/>
</testsuite> <!-- com.menumitratCommonAPITestScript.SendQRLinkTestScript -->
