<?xml version="1.0" encoding="UTF-8"?>
<!-- Generated by org.testng.reporters.JUnitReportReporter -->
<testsuite hostname="DESKTOP-MRVJBNT" failures="0" tests="1" name="com.menumitratCommonAPITestScript.GetStaffRole" time="0.831" errors="0" timestamp="27 May 2025 15:59:40 GMT">
  <testcase classname="com.menumitratCommonAPITestScript.GetStaffRole" name="verifyStaffRole" time="0.831"/>
</testsuite> <!-- com.menumitratCommonAPITestScript.GetStaffRole -->
